{"level":"info","message":"Application starting...","timestamp":"2024-11-11T09:13:00.565Z"}
{"date":"Mon Nov 11 2024 10:13:00 GMT+0100 (West Africa Standard Time)","process":{"pid":52499,"uid":501,"gid":20,"cwd":"/Users/oreoluwa/Desktop/daries","execPath":"/Users/oreoluwa/.nvm/versions/node/v16.18.1/bin/node","version":"v16.18.1","argv":["/Users/oreoluwa/.nvm/versions/node/v16.18.1/bin/node","/Users/oreoluwa/Desktop/daries/app.js"],"memoryUsage":{"rss":69943296,"heapTotal":34701312,"heapUsed":25198424,"external":4282683,"arrayBuffers":1886504}},"os":{"loadavg":[1.6474609375,1.83203125,1.7978515625],"uptime":1558012},"trace":[{"column":8,"file":"file:///Users/oreoluwa/Desktop/daries/app.js","function":null,"line":11,"method":null,"native":false},{"column":null,"file":null,"function":"Generator.next","line":null,"method":"next","native":false}],"stack":["file:///Users/oreoluwa/Desktop/daries/app.js:1","TypeError: logger.info is not a function","    at Object.<anonymous> (file:///Users/oreoluwa/Desktop/daries/app.js:11:8)","    at Generator.next (<anonymous>)"],"level":"error","message":"uncaughtException: logger.info is not a function","timestamp":"2024-11-11T09:13:00.576Z"}
{"date":"Mon Nov 11 2024 10:13:00 GMT+0100 (West Africa Standard Time)","process":{"pid":52499,"uid":501,"gid":20,"cwd":"/Users/oreoluwa/Desktop/daries","execPath":"/Users/oreoluwa/.nvm/versions/node/v16.18.1/bin/node","version":"v16.18.1","argv":["/Users/oreoluwa/.nvm/versions/node/v16.18.1/bin/node","/Users/oreoluwa/Desktop/daries/app.js"],"memoryUsage":{"rss":70189056,"heapTotal":34963456,"heapUsed":25563600,"external":4282747,"arrayBuffers":1886528}},"os":{"loadavg":[1.6474609375,1.83203125,1.7978515625],"uptime":1558012},"trace":[],"stack":["Error: ENOTDIR: not a directory, open './logger/access-20241111.log'"],"level":"error","message":"uncaughtException: ENOTDIR: not a directory, open './logger/access-20241111.log'","timestamp":"2024-11-11T09:13:00.578Z"}
{"level":"info","message":"Application starting...","timestamp":"2024-11-11T09:13:32.304Z"}
{"date":"Mon Nov 11 2024 10:13:32 GMT+0100 (West Africa Standard Time)","process":{"pid":52551,"uid":501,"gid":20,"cwd":"/Users/oreoluwa/Desktop/daries","execPath":"/Users/oreoluwa/.nvm/versions/node/v16.18.1/bin/node","version":"v16.18.1","argv":["/Users/oreoluwa/.nvm/versions/node/v16.18.1/bin/node","/Users/oreoluwa/Desktop/daries/app.js"],"memoryUsage":{"rss":70549504,"heapTotal":34701312,"heapUsed":25199016,"external":4282683,"arrayBuffers":1886504}},"os":{"loadavg":[2.5,1.99560546875,1.8564453125],"uptime":1558044},"trace":[{"column":8,"file":"file:///Users/oreoluwa/Desktop/daries/app.js","function":null,"line":11,"method":null,"native":false},{"column":null,"file":null,"function":"Generator.next","line":null,"method":"next","native":false}],"stack":["file:///Users/oreoluwa/Desktop/daries/app.js:1","TypeError: logger.info is not a function","    at Object.<anonymous> (file:///Users/oreoluwa/Desktop/daries/app.js:11:8)","    at Generator.next (<anonymous>)"],"level":"error","message":"uncaughtException: logger.info is not a function","timestamp":"2024-11-11T09:13:32.309Z"}
{"level":"info","message":"Application starting...","timestamp":"2024-11-11T09:15:40.091Z"}
{"date":"Mon Nov 11 2024 10:15:40 GMT+0100 (West Africa Standard Time)","process":{"pid":52620,"uid":501,"gid":20,"cwd":"/Users/oreoluwa/Desktop/daries","execPath":"/Users/oreoluwa/.nvm/versions/node/v16.18.1/bin/node","version":"v16.18.1","argv":["/Users/oreoluwa/.nvm/versions/node/v16.18.1/bin/node","/Users/oreoluwa/Desktop/daries/app.js"],"memoryUsage":{"rss":69533696,"heapTotal":34701312,"heapUsed":25292712,"external":4282683,"arrayBuffers":1886504}},"os":{"loadavg":[2.8603515625,2.11279296875,1.90771484375],"uptime":1558172},"trace":[{"column":8,"file":"file:///Users/oreoluwa/Desktop/daries/app.js","function":null,"line":11,"method":null,"native":false},{"column":null,"file":null,"function":"Generator.next","line":null,"method":"next","native":false}],"stack":["file:///Users/oreoluwa/Desktop/daries/app.js:1","TypeError: logger.info is not a function","    at Object.<anonymous> (file:///Users/oreoluwa/Desktop/daries/app.js:11:8)","    at Generator.next (<anonymous>)"],"level":"error","message":"uncaughtException: logger.info is not a function","timestamp":"2024-11-11T09:15:40.097Z"}
{"level":"info","message":"Application starting...","timestamp":"2024-11-11T09:17:34.430Z"}
{"date":"Mon Nov 11 2024 10:17:34 GMT+0100 (West Africa Standard Time)","process":{"pid":52792,"uid":501,"gid":20,"cwd":"/Users/oreoluwa/Desktop/daries","execPath":"/Users/oreoluwa/.nvm/versions/node/v16.18.1/bin/node","version":"v16.18.1","argv":["/Users/oreoluwa/.nvm/versions/node/v16.18.1/bin/node","/Users/oreoluwa/Desktop/daries/app.js"],"memoryUsage":{"rss":70696960,"heapTotal":34701312,"heapUsed":25295136,"external":4282683,"arrayBuffers":1886504}},"os":{"loadavg":[3.7900390625,2.5478515625,2.09033203125],"uptime":1558286},"trace":[{"column":8,"file":"file:///Users/oreoluwa/Desktop/daries/app.js","function":null,"line":11,"method":null,"native":false},{"column":null,"file":null,"function":"Generator.next","line":null,"method":"next","native":false}],"stack":["file:///Users/oreoluwa/Desktop/daries/app.js:1","TypeError: logger.info is not a function","    at Object.<anonymous> (file:///Users/oreoluwa/Desktop/daries/app.js:11:8)","    at Generator.next (<anonymous>)"],"level":"error","message":"uncaughtException: logger.info is not a function","timestamp":"2024-11-11T09:17:34.436Z"}
{"level":"info","message":"Application starting...","timestamp":"2024-11-11T09:17:38.431Z"}
{"date":"Mon Nov 11 2024 10:17:38 GMT+0100 (West Africa Standard Time)","process":{"pid":52799,"uid":501,"gid":20,"cwd":"/Users/oreoluwa/Desktop/daries","execPath":"/Users/oreoluwa/.nvm/versions/node/v16.18.1/bin/node","version":"v16.18.1","argv":["/Users/oreoluwa/.nvm/versions/node/v16.18.1/bin/node","/Users/oreoluwa/Desktop/daries/app.js"],"memoryUsage":{"rss":71811072,"heapTotal":34701312,"heapUsed":25354248,"external":4282683,"arrayBuffers":1886504}},"os":{"loadavg":[3.646484375,2.53857421875,2.08935546875],"uptime":1558290},"trace":[{"column":8,"file":"file:///Users/oreoluwa/Desktop/daries/app.js","function":null,"line":11,"method":null,"native":false},{"column":null,"file":null,"function":"Generator.next","line":null,"method":"next","native":false}],"stack":["file:///Users/oreoluwa/Desktop/daries/app.js:1","TypeError: logger.info is not a function","    at Object.<anonymous> (file:///Users/oreoluwa/Desktop/daries/app.js:11:8)","    at Generator.next (<anonymous>)"],"level":"error","message":"uncaughtException: logger.info is not a function","timestamp":"2024-11-11T09:17:38.437Z"}
{"level":"info","message":"Application starting...","timestamp":"2024-11-11T09:17:42.608Z"}
{"date":"Mon Nov 11 2024 10:17:42 GMT+0100 (West Africa Standard Time)","process":{"pid":52813,"uid":501,"gid":20,"cwd":"/Users/oreoluwa/Desktop/daries","execPath":"/Users/oreoluwa/.nvm/versions/node/v16.18.1/bin/node","version":"v16.18.1","argv":["/Users/oreoluwa/.nvm/versions/node/v16.18.1/bin/node","/Users/oreoluwa/Desktop/daries/app.js"],"memoryUsage":{"rss":71532544,"heapTotal":34701312,"heapUsed":25097856,"external":4282683,"arrayBuffers":1886504}},"os":{"loadavg":[3.35400390625,2.49609375,2.07666015625],"uptime":1558294},"trace":[{"column":8,"file":"file:///Users/oreoluwa/Desktop/daries/app.js","function":null,"line":11,"method":null,"native":false},{"column":null,"file":null,"function":"Generator.next","line":null,"method":"next","native":false}],"stack":["file:///Users/oreoluwa/Desktop/daries/app.js:1","TypeError: logger.info is not a function","    at Object.<anonymous> (file:///Users/oreoluwa/Desktop/daries/app.js:11:8)","    at Generator.next (<anonymous>)"],"level":"error","message":"uncaughtException: logger.info is not a function","timestamp":"2024-11-11T09:17:42.614Z"}
{"level":"info","message":"Application starting...","timestamp":"2024-11-11T09:17:58.053Z"}
{"date":"Mon Nov 11 2024 10:17:58 GMT+0100 (West Africa Standard Time)","process":{"pid":52837,"uid":501,"gid":20,"cwd":"/Users/oreoluwa/Desktop/daries","execPath":"/Users/oreoluwa/.nvm/versions/node/v16.18.1/bin/node","version":"v16.18.1","argv":["/Users/oreoluwa/.nvm/versions/node/v16.18.1/bin/node","/Users/oreoluwa/Desktop/daries/app.js"],"memoryUsage":{"rss":70647808,"heapTotal":34701312,"heapUsed":25321384,"external":4282683,"arrayBuffers":1886504}},"os":{"loadavg":[2.7578125,2.40576171875,2.0517578125],"uptime":1558310},"trace":[{"column":8,"file":"file:///Users/oreoluwa/Desktop/daries/app.js","function":null,"line":11,"method":null,"native":false},{"column":null,"file":null,"function":"Generator.next","line":null,"method":"next","native":false}],"stack":["file:///Users/oreoluwa/Desktop/daries/app.js:1","TypeError: logger.info is not a function","    at Object.<anonymous> (file:///Users/oreoluwa/Desktop/daries/app.js:11:8)","    at Generator.next (<anonymous>)"],"level":"error","message":"uncaughtException: logger.info is not a function","timestamp":"2024-11-11T09:17:58.059Z"}
{"level":"info","message":"Application starting...","timestamp":"2024-11-11T09:18:34.555Z"}
{"date":"Mon Nov 11 2024 10:18:34 GMT+0100 (West Africa Standard Time)","process":{"pid":52894,"uid":501,"gid":20,"cwd":"/Users/oreoluwa/Desktop/daries","execPath":"/Users/oreoluwa/.nvm/versions/node/v16.18.1/bin/node","version":"v16.18.1","argv":["/Users/oreoluwa/.nvm/versions/node/v16.18.1/bin/node","/Users/oreoluwa/Desktop/daries/app.js"],"memoryUsage":{"rss":71598080,"heapTotal":34701312,"heapUsed":25378368,"external":4282683,"arrayBuffers":1886504}},"os":{"loadavg":[2.26904296875,2.326171875,2.03662109375],"uptime":1558346},"trace":[{"column":8,"file":"file:///Users/oreoluwa/Desktop/daries/app.js","function":null,"line":11,"method":null,"native":false},{"column":null,"file":null,"function":"Generator.next","line":null,"method":"next","native":false}],"stack":["file:///Users/oreoluwa/Desktop/daries/app.js:1","TypeError: logger.info is not a function","    at Object.<anonymous> (file:///Users/oreoluwa/Desktop/daries/app.js:11:8)","    at Generator.next (<anonymous>)"],"level":"error","message":"uncaughtException: logger.info is not a function","timestamp":"2024-11-11T09:18:34.561Z"}
{"level":"info","message":"Application starting...","timestamp":"2024-11-11T09:18:37.440Z"}
{"date":"Mon Nov 11 2024 10:18:37 GMT+0100 (West Africa Standard Time)","process":{"pid":52909,"uid":501,"gid":20,"cwd":"/Users/oreoluwa/Desktop/daries","execPath":"/Users/oreoluwa/.nvm/versions/node/v16.18.1/bin/node","version":"v16.18.1","argv":["/Users/oreoluwa/.nvm/versions/node/v16.18.1/bin/node","/Users/oreoluwa/Desktop/daries/app.js"],"memoryUsage":{"rss":70565888,"heapTotal":34701312,"heapUsed":25168848,"external":4282683,"arrayBuffers":1886504}},"os":{"loadavg":[2.3271484375,2.3369140625,2.0419921875],"uptime":1558349},"trace":[{"column":8,"file":"file:///Users/oreoluwa/Desktop/daries/app.js","function":null,"line":11,"method":null,"native":false},{"column":null,"file":null,"function":"Generator.next","line":null,"method":"next","native":false}],"stack":["file:///Users/oreoluwa/Desktop/daries/app.js:1","TypeError: logger.info is not a function","    at Object.<anonymous> (file:///Users/oreoluwa/Desktop/daries/app.js:11:8)","    at Generator.next (<anonymous>)"],"level":"error","message":"uncaughtException: logger.info is not a function","timestamp":"2024-11-11T09:18:37.445Z"}
{"level":"info","message":"Application starting...","timestamp":"2024-11-11T09:18:42.727Z"}
{"date":"Mon Nov 11 2024 10:18:42 GMT+0100 (West Africa Standard Time)","process":{"pid":52928,"uid":501,"gid":20,"cwd":"/Users/oreoluwa/Desktop/daries","execPath":"/Users/oreoluwa/.nvm/versions/node/v16.18.1/bin/node","version":"v16.18.1","argv":["/Users/oreoluwa/.nvm/versions/node/v16.18.1/bin/node","/Users/oreoluwa/Desktop/daries/app.js"],"memoryUsage":{"rss":71335936,"heapTotal":34701312,"heapUsed":25169448,"external":4282683,"arrayBuffers":1886504}},"os":{"loadavg":[2.220703125,2.314453125,2.03564453125],"uptime":1558354},"trace":[{"column":8,"file":"file:///Users/oreoluwa/Desktop/daries/app.js","function":null,"line":11,"method":null,"native":false},{"column":null,"file":null,"function":"Generator.next","line":null,"method":"next","native":false}],"stack":["file:///Users/oreoluwa/Desktop/daries/app.js:1","TypeError: logger.info is not a function","    at Object.<anonymous> (file:///Users/oreoluwa/Desktop/daries/app.js:11:8)","    at Generator.next (<anonymous>)"],"level":"error","message":"uncaughtException: logger.info is not a function","timestamp":"2024-11-11T09:18:42.733Z"}
{"level":"info","message":"Application starting...","timestamp":"2024-11-11T09:19:02.761Z"}
{"date":"Mon Nov 11 2024 10:19:02 GMT+0100 (West Africa Standard Time)","process":{"pid":52957,"uid":501,"gid":20,"cwd":"/Users/oreoluwa/Desktop/daries","execPath":"/Users/oreoluwa/.nvm/versions/node/v16.18.1/bin/node","version":"v16.18.1","argv":["/Users/oreoluwa/.nvm/versions/node/v16.18.1/bin/node","/Users/oreoluwa/Desktop/daries/app.js"],"memoryUsage":{"rss":71319552,"heapTotal":34701312,"heapUsed":25317472,"external":4282683,"arrayBuffers":1886504}},"os":{"loadavg":[2.2548828125,2.31103515625,2.03955078125],"uptime":1558374},"trace":[{"column":8,"file":"file:///Users/oreoluwa/Desktop/daries/app.js","function":null,"line":11,"method":null,"native":false},{"column":null,"file":null,"function":"Generator.next","line":null,"method":"next","native":false}],"stack":["file:///Users/oreoluwa/Desktop/daries/app.js:1","TypeError: logger.info is not a function","    at Object.<anonymous> (file:///Users/oreoluwa/Desktop/daries/app.js:11:8)","    at Generator.next (<anonymous>)"],"level":"error","message":"uncaughtException: logger.info is not a function","timestamp":"2024-11-11T09:19:02.766Z"}
{"level":"info","message":"Application starting...","timestamp":"2024-11-11T09:19:08.044Z"}
{"date":"Mon Nov 11 2024 10:19:08 GMT+0100 (West Africa Standard Time)","process":{"pid":52964,"uid":501,"gid":20,"cwd":"/Users/oreoluwa/Desktop/daries","execPath":"/Users/oreoluwa/.nvm/versions/node/v16.18.1/bin/node","version":"v16.18.1","argv":["/Users/oreoluwa/.nvm/versions/node/v16.18.1/bin/node","/Users/oreoluwa/Desktop/daries/app.js"],"memoryUsage":{"rss":70434816,"heapTotal":34701312,"heapUsed":25222440,"external":4282683,"arrayBuffers":1886504}},"os":{"loadavg":[2.07421875,2.2724609375,2.02734375],"uptime":1558380},"trace":[{"column":8,"file":"file:///Users/oreoluwa/Desktop/daries/app.js","function":null,"line":11,"method":null,"native":false},{"column":null,"file":null,"function":"Generator.next","line":null,"method":"next","native":false}],"stack":["file:///Users/oreoluwa/Desktop/daries/app.js:1","TypeError: logger.info is not a function","    at Object.<anonymous> (file:///Users/oreoluwa/Desktop/daries/app.js:11:8)","    at Generator.next (<anonymous>)"],"level":"error","message":"uncaughtException: logger.info is not a function","timestamp":"2024-11-11T09:19:08.049Z"}
{"level":"info","message":"Application starting...","timestamp":"2024-11-11T09:19:09.567Z"}
{"date":"Mon Nov 11 2024 10:19:09 GMT+0100 (West Africa Standard Time)","process":{"pid":52981,"uid":501,"gid":20,"cwd":"/Users/oreoluwa/Desktop/daries","execPath":"/Users/oreoluwa/.nvm/versions/node/v16.18.1/bin/node","version":"v16.18.1","argv":["/Users/oreoluwa/.nvm/versions/node/v16.18.1/bin/node","/Users/oreoluwa/Desktop/daries/app.js"],"memoryUsage":{"rss":71434240,"heapTotal":34701312,"heapUsed":25197640,"external":4282683,"arrayBuffers":1886504}},"os":{"loadavg":[2.07421875,2.2724609375,2.02734375],"uptime":1558381},"trace":[{"column":8,"file":"file:///Users/oreoluwa/Desktop/daries/app.js","function":null,"line":11,"method":null,"native":false},{"column":null,"file":null,"function":"Generator.next","line":null,"method":"next","native":false}],"stack":["file:///Users/oreoluwa/Desktop/daries/app.js:1","TypeError: logger.info is not a function","    at Object.<anonymous> (file:///Users/oreoluwa/Desktop/daries/app.js:11:8)","    at Generator.next (<anonymous>)"],"level":"error","message":"uncaughtException: logger.info is not a function","timestamp":"2024-11-11T09:19:09.573Z"}
{"level":"info","message":"Application starting...","timestamp":"2024-11-11T09:19:10.895Z"}
{"date":"Mon Nov 11 2024 10:19:10 GMT+0100 (West Africa Standard Time)","process":{"pid":52991,"uid":501,"gid":20,"cwd":"/Users/oreoluwa/Desktop/daries","execPath":"/Users/oreoluwa/.nvm/versions/node/v16.18.1/bin/node","version":"v16.18.1","argv":["/Users/oreoluwa/.nvm/versions/node/v16.18.1/bin/node","/Users/oreoluwa/Desktop/daries/app.js"],"memoryUsage":{"rss":70844416,"heapTotal":34701312,"heapUsed":25175992,"external":4282683,"arrayBuffers":1886504}},"os":{"loadavg":[2.06787109375,2.267578125,2.02685546875],"uptime":1558382},"trace":[{"column":8,"file":"file:///Users/oreoluwa/Desktop/daries/app.js","function":null,"line":11,"method":null,"native":false},{"column":null,"file":null,"function":"Generator.next","line":null,"method":"next","native":false}],"stack":["file:///Users/oreoluwa/Desktop/daries/app.js:1","TypeError: logger.info is not a function","    at Object.<anonymous> (file:///Users/oreoluwa/Desktop/daries/app.js:11:8)","    at Generator.next (<anonymous>)"],"level":"error","message":"uncaughtException: logger.info is not a function","timestamp":"2024-11-11T09:19:10.900Z"}
{"level":"info","message":"Application starting...","timestamp":"2024-11-11T09:19:14.122Z"}
{"date":"Mon Nov 11 2024 10:19:14 GMT+0100 (West Africa Standard Time)","process":{"pid":52997,"uid":501,"gid":20,"cwd":"/Users/oreoluwa/Desktop/daries","execPath":"/Users/oreoluwa/.nvm/versions/node/v16.18.1/bin/node","version":"v16.18.1","argv":["/Users/oreoluwa/.nvm/versions/node/v16.18.1/bin/node","/Users/oreoluwa/Desktop/daries/app.js"],"memoryUsage":{"rss":69091328,"heapTotal":34701312,"heapUsed":25169392,"external":4282683,"arrayBuffers":1886504}},"os":{"loadavg":[2.06787109375,2.267578125,2.02685546875],"uptime":1558386},"trace":[{"column":8,"file":"file:///Users/oreoluwa/Desktop/daries/app.js","function":null,"line":11,"method":null,"native":false},{"column":null,"file":null,"function":"Generator.next","line":null,"method":"next","native":false}],"stack":["file:///Users/oreoluwa/Desktop/daries/app.js:1","TypeError: logger.info is not a function","    at Object.<anonymous> (file:///Users/oreoluwa/Desktop/daries/app.js:11:8)","    at Generator.next (<anonymous>)"],"level":"error","message":"uncaughtException: logger.info is not a function","timestamp":"2024-11-11T09:19:14.127Z"}
{"level":"info","message":"Application starting...","timestamp":"2024-11-11T09:19:19.127Z"}
{"date":"Mon Nov 11 2024 10:19:19 GMT+0100 (West Africa Standard Time)","process":{"pid":53009,"uid":501,"gid":20,"cwd":"/Users/oreoluwa/Desktop/daries","execPath":"/Users/oreoluwa/.nvm/versions/node/v16.18.1/bin/node","version":"v16.18.1","argv":["/Users/oreoluwa/.nvm/versions/node/v16.18.1/bin/node","/Users/oreoluwa/Desktop/daries/app.js"],"memoryUsage":{"rss":71647232,"heapTotal":34701312,"heapUsed":25141088,"external":4282683,"arrayBuffers":1886504}},"os":{"loadavg":[2.22216796875,2.2958984375,2.0380859375],"uptime":1558391},"trace":[{"column":8,"file":"file:///Users/oreoluwa/Desktop/daries/app.js","function":null,"line":11,"method":null,"native":false},{"column":null,"file":null,"function":"Generator.next","line":null,"method":"next","native":false}],"stack":["file:///Users/oreoluwa/Desktop/daries/app.js:1","TypeError: logger.info is not a function","    at Object.<anonymous> (file:///Users/oreoluwa/Desktop/daries/app.js:11:8)","    at Generator.next (<anonymous>)"],"level":"error","message":"uncaughtException: logger.info is not a function","timestamp":"2024-11-11T09:19:19.132Z"}
{"level":"info","message":"Application starting...","timestamp":"2024-11-11T09:41:26.921Z"}
{"date":"Mon Nov 11 2024 10:41:26 GMT+0100 (West Africa Standard Time)","process":{"pid":54249,"uid":501,"gid":20,"cwd":"/Users/oreoluwa/Desktop/daries","execPath":"/Users/oreoluwa/.nvm/versions/node/v16.18.1/bin/node","version":"v16.18.1","argv":["/Users/oreoluwa/.nvm/versions/node/v16.18.1/bin/node","/Users/oreoluwa/Desktop/daries/app.js"],"memoryUsage":{"rss":70025216,"heapTotal":34963456,"heapUsed":25308576,"external":4282683,"arrayBuffers":1886504}},"os":{"loadavg":[1.595703125,1.62646484375,1.77294921875],"uptime":1559718},"trace":[{"column":8,"file":"file:///Users/oreoluwa/Desktop/daries/app.js","function":null,"line":11,"method":null,"native":false},{"column":null,"file":null,"function":"Generator.next","line":null,"method":"next","native":false}],"stack":["file:///Users/oreoluwa/Desktop/daries/app.js:1","TypeError: logger.info is not a function","    at Object.<anonymous> (file:///Users/oreoluwa/Desktop/daries/app.js:11:8)","    at Generator.next (<anonymous>)"],"level":"error","message":"uncaughtException: logger.info is not a function","timestamp":"2024-11-11T09:41:26.932Z"}
{"level":"info","message":"Application starting...","timestamp":"2024-11-11T10:44:47.313Z"}
{"date":"Mon Nov 11 2024 11:44:47 GMT+0100 (West Africa Standard Time)","process":{"pid":56576,"uid":501,"gid":20,"cwd":"/Users/oreoluwa/Desktop/daries","execPath":"/Users/oreoluwa/.nvm/versions/node/v16.18.1/bin/node","version":"v16.18.1","argv":["/Users/oreoluwa/.nvm/versions/node/v16.18.1/bin/node","/Users/oreoluwa/Desktop/daries/app.js"],"memoryUsage":{"rss":69861376,"heapTotal":34701312,"heapUsed":25318672,"external":4282683,"arrayBuffers":1886504}},"os":{"loadavg":[1.44384765625,1.68408203125,1.73193359375],"uptime":1563519},"trace":[{"column":26,"file":"file:///Users/oreoluwa/Desktop/daries/app.js","function":null,"line":11,"method":null,"native":false},{"column":null,"file":null,"function":"Generator.next","line":null,"method":"next","native":false}],"stack":["file:///Users/oreoluwa/Desktop/daries/app.js:1","TypeError: _bb4‍.a(...).info is not a function","    at Object.<anonymous> (file:///Users/oreoluwa/Desktop/daries/app.js:11:26)","    at Generator.next (<anonymous>)"],"level":"error","message":"uncaughtException: _bb4‍.a(...).info is not a function","timestamp":"2024-11-11T10:44:47.325Z"}
{"level":"info","message":"Application starting...","timestamp":"2024-11-11T10:44:52.486Z"}
{"date":"Mon Nov 11 2024 11:44:52 GMT+0100 (West Africa Standard Time)","process":{"pid":56595,"uid":501,"gid":20,"cwd":"/Users/oreoluwa/Desktop/daries","execPath":"/Users/oreoluwa/.nvm/versions/node/v16.18.1/bin/node","version":"v16.18.1","argv":["/Users/oreoluwa/.nvm/versions/node/v16.18.1/bin/node","/Users/oreoluwa/Desktop/daries/app.js"],"memoryUsage":{"rss":71991296,"heapTotal":34701312,"heapUsed":25424256,"external":4282683,"arrayBuffers":1886504}},"os":{"loadavg":[1.328125,1.65576171875,1.7216796875],"uptime":1563524},"trace":[{"column":26,"file":"file:///Users/oreoluwa/Desktop/daries/app.js","function":null,"line":13,"method":null,"native":false},{"column":null,"file":null,"function":"Generator.next","line":null,"method":"next","native":false}],"stack":["file:///Users/oreoluwa/Desktop/daries/app.js:1","TypeError: _9e3‍.a(...).info is not a function","    at Object.<anonymous> (file:///Users/oreoluwa/Desktop/daries/app.js:13:26)","    at Generator.next (<anonymous>)"],"level":"error","message":"uncaughtException: _9e3‍.a(...).info is not a function","timestamp":"2024-11-11T10:44:52.491Z"}
{"level":"info","message":"Application starting...","timestamp":"2024-11-11T10:46:56.530Z"}
{"level":"info","message":"Application started on port 3000","timestamp":"2024-11-11T10:46:56.534Z"}
{"level":"info","message":"Application starting...","timestamp":"2024-11-11T10:50:07.545Z"}
{"level":"info","message":"Application started on port 3000","timestamp":"2024-11-11T10:50:07.549Z"}
{"level":"info","message":"Application starting...","timestamp":"2024-11-11T10:50:20.151Z"}
{"level":"info","message":"Application started on port 3000","timestamp":"2024-11-11T10:50:20.155Z"}
{"level":"info","message":"Application starting...","timestamp":"2024-11-11T10:50:22.994Z"}
{"level":"info","message":"Application started on port 3000","timestamp":"2024-11-11T10:50:22.998Z"}
{"level":"info","message":"Application starting...","timestamp":"2024-11-11T10:50:25.365Z"}
{"level":"info","message":"Application started on port 3000","timestamp":"2024-11-11T10:50:25.369Z"}
{"level":"info","message":"Application starting...","timestamp":"2024-11-11T10:50:26.808Z"}
{"level":"info","message":"Application started on port 3000","timestamp":"2024-11-11T10:50:26.812Z"}
{"level":"info","message":"Application starting...","timestamp":"2024-11-11T10:50:29.976Z"}
{"level":"info","message":"Application started on port 3000","timestamp":"2024-11-11T10:50:29.979Z"}
{"level":"info","message":"Application starting...","timestamp":"2024-11-11T10:50:34.028Z"}
{"level":"info","message":"Application started on port 3000","timestamp":"2024-11-11T10:50:34.034Z"}
{"level":"info","message":"Application starting...","timestamp":"2024-11-11T10:50:41.265Z"}
{"level":"info","message":"Application started on port 3000","timestamp":"2024-11-11T10:50:41.268Z"}
{"level":"info","message":"Application starting...","timestamp":"2024-11-11T10:50:45.185Z"}
{"level":"info","message":"Application started on port 3000","timestamp":"2024-11-11T10:50:45.188Z"}
{"level":"info","message":"Application starting...","timestamp":"2024-11-11T10:51:03.357Z"}
{"level":"info","message":"Application started on port 3000","timestamp":"2024-11-11T10:51:03.362Z"}
{"level":"info","message":"Application starting...","timestamp":"2024-11-11T10:51:10.716Z"}
{"level":"info","message":"Application started on port 3000","timestamp":"2024-11-11T10:51:10.720Z"}
{"level":"info","message":"Application starting...","timestamp":"2024-11-11T10:51:13.177Z"}
{"level":"info","message":"Application started on port 3000","timestamp":"2024-11-11T10:51:13.181Z"}
{"level":"info","message":"Application starting...","timestamp":"2024-11-11T10:51:24.574Z"}
{"level":"info","message":"Application started on port 3000","timestamp":"2024-11-11T10:51:24.578Z"}
{"level":"info","message":"Application starting...","timestamp":"2024-11-11T10:51:26.987Z"}
{"level":"info","message":"Application started on port 3000","timestamp":"2024-11-11T10:51:26.991Z"}
{"level":"info","message":"Application starting...","timestamp":"2024-11-11T10:51:28.532Z"}
{"level":"info","message":"Application started on port 3000","timestamp":"2024-11-11T10:51:28.536Z"}
{"level":"info","message":"Application starting...","timestamp":"2024-11-11T10:51:31.965Z"}
{"level":"info","message":"Application started on port 3000","timestamp":"2024-11-11T10:51:31.969Z"}
{"level":"info","message":"Application starting...","timestamp":"2024-11-11T10:51:33.137Z"}
{"level":"info","message":"Application started on port 3000","timestamp":"2024-11-11T10:51:33.141Z"}
{"level":"info","message":"Application starting...","timestamp":"2024-11-11T10:51:35.272Z"}
{"level":"info","message":"Application started on port 3000","timestamp":"2024-11-11T10:51:35.276Z"}
{"level":"info","message":"Application starting...","timestamp":"2024-11-11T10:51:36.924Z"}
{"level":"info","message":"Application started on port 3000","timestamp":"2024-11-11T10:51:36.928Z"}
{"level":"info","message":"Application starting...","timestamp":"2024-11-11T10:51:45.375Z"}
{"level":"info","message":"Application started on port 3000","timestamp":"2024-11-11T10:51:45.379Z"}
{"level":"info","message":"Application starting...","timestamp":"2024-11-11T10:51:51.020Z"}
{"level":"info","message":"Application started on port 3000","timestamp":"2024-11-11T10:51:51.025Z"}
{"level":"info","message":"Application starting...","timestamp":"2024-11-11T10:51:58.886Z"}
{"level":"info","message":"Application started on port 3000","timestamp":"2024-11-11T10:51:58.890Z"}
{"level":"info","message":"Application starting...","timestamp":"2024-11-11T10:52:02.436Z"}
{"level":"info","message":"Application started on port 3000","timestamp":"2024-11-11T10:52:02.440Z"}
{"level":"info","message":"Application starting...","timestamp":"2024-11-11T10:52:04.258Z"}
{"level":"info","message":"Application started on port 3000","timestamp":"2024-11-11T10:52:04.262Z"}
{"level":"info","message":"Application starting...","timestamp":"2024-11-11T10:52:09.428Z"}
{"level":"info","message":"Application started on port 3000","timestamp":"2024-11-11T10:52:09.432Z"}
{"level":"info","message":"Application starting...","timestamp":"2024-11-11T10:52:11.472Z"}
{"level":"info","message":"Application started on port 3000","timestamp":"2024-11-11T10:52:11.476Z"}
{"level":"info","message":"Application starting...","timestamp":"2024-11-11T10:52:13.131Z"}
{"level":"info","message":"Application started on port 3000","timestamp":"2024-11-11T10:52:13.135Z"}
{"level":"info","message":"Application starting...","timestamp":"2024-11-11T10:52:27.565Z"}
{"level":"info","message":"Application started on port 3000","timestamp":"2024-11-11T10:52:27.568Z"}
{"level":"info","message":"Application starting...","timestamp":"2024-11-11T10:52:34.288Z"}
{"level":"info","message":"Application started on port 3000","timestamp":"2024-11-11T10:52:34.292Z"}
{"level":"info","message":"Application starting...","timestamp":"2024-11-11T10:52:37.261Z"}
{"level":"info","message":"Application started on port 3000","timestamp":"2024-11-11T10:52:37.265Z"}
{"level":"info","message":"Application starting...","timestamp":"2024-11-11T10:52:39.968Z"}
{"level":"info","message":"Application started on port 3000","timestamp":"2024-11-11T10:52:39.972Z"}
{"level":"info","message":"Application starting...","timestamp":"2024-11-11T10:52:41.024Z"}
{"level":"info","message":"Application started on port 3000","timestamp":"2024-11-11T10:52:41.027Z"}
{"level":"info","message":"Application starting...","timestamp":"2024-11-11T10:52:42.969Z"}
{"level":"info","message":"Application started on port 3000","timestamp":"2024-11-11T10:52:42.973Z"}
{"level":"info","message":"Application starting...","timestamp":"2024-11-11T10:52:44.967Z"}
{"level":"info","message":"Application started on port 3000","timestamp":"2024-11-11T10:52:44.971Z"}
{"level":"info","message":"Application starting...","timestamp":"2024-11-11T10:52:47.414Z"}
{"level":"info","message":"Application started on port 3000","timestamp":"2024-11-11T10:52:47.418Z"}
{"level":"info","message":"Application starting...","timestamp":"2024-11-11T10:52:49.608Z"}
{"level":"info","message":"Application started on port 3000","timestamp":"2024-11-11T10:52:49.612Z"}
{"level":"info","message":"Application starting...","timestamp":"2024-11-11T10:52:51.549Z"}
{"level":"info","message":"Application started on port 3000","timestamp":"2024-11-11T10:52:51.553Z"}
{"level":"info","message":"Application starting...","timestamp":"2024-11-11T10:52:53.887Z"}
{"level":"info","message":"Application started on port 3000","timestamp":"2024-11-11T10:52:53.891Z"}
{"level":"info","message":"Application starting...","timestamp":"2024-11-11T10:53:00.710Z"}
{"level":"info","message":"Application started on port 3000","timestamp":"2024-11-11T10:53:00.714Z"}
{"level":"info","message":"Application starting...","timestamp":"2024-11-11T10:53:03.482Z"}
{"level":"info","message":"Application started on port 3000","timestamp":"2024-11-11T10:53:03.485Z"}
{"level":"info","message":"Application starting...","timestamp":"2024-11-11T10:53:05.650Z"}
{"level":"info","message":"Application started on port 3000","timestamp":"2024-11-11T10:53:05.654Z"}
{"level":"info","message":"Application starting...","timestamp":"2024-11-11T10:53:07.173Z"}
{"level":"info","message":"Application started on port 3000","timestamp":"2024-11-11T10:53:07.177Z"}
{"level":"info","message":"Application starting...","timestamp":"2024-11-11T10:53:11.541Z"}
{"level":"info","message":"Application started on port 3000","timestamp":"2024-11-11T10:53:11.545Z"}
{"level":"info","message":"Application starting...","timestamp":"2024-11-11T10:53:20.157Z"}
{"level":"info","message":"Application started on port 3000","timestamp":"2024-11-11T10:53:20.161Z"}
{"level":"info","message":"Application starting...","timestamp":"2024-11-11T10:53:24.690Z"}
{"level":"info","message":"Application started on port 3000","timestamp":"2024-11-11T10:53:24.694Z"}
{"level":"info","message":"Application starting...","timestamp":"2024-11-11T10:53:26.660Z"}
{"level":"info","message":"Application started on port 3000","timestamp":"2024-11-11T10:53:26.665Z"}
{"level":"info","message":"Application starting...","timestamp":"2024-11-11T10:53:28.999Z"}
{"level":"info","message":"Application started on port 3000","timestamp":"2024-11-11T10:53:29.002Z"}
{"level":"info","message":"Application starting...","timestamp":"2024-11-11T10:53:30.920Z"}
{"level":"info","message":"Application started on port 3000","timestamp":"2024-11-11T10:53:30.924Z"}
{"level":"info","message":"Application starting...","timestamp":"2024-11-11T10:53:35.470Z"}
{"level":"info","message":"Application started on port 3000","timestamp":"2024-11-11T10:53:35.473Z"}
{"level":"info","message":"Application starting...","timestamp":"2024-11-11T10:53:36.977Z"}
{"level":"info","message":"Application started on port 3000","timestamp":"2024-11-11T10:53:36.981Z"}
{"level":"info","message":"Application starting...","timestamp":"2024-11-11T10:53:43.269Z"}
{"level":"info","message":"Application started on port 3000","timestamp":"2024-11-11T10:53:43.273Z"}
{"level":"info","message":"Application starting...","timestamp":"2024-11-11T10:53:53.224Z"}
{"level":"info","message":"Application started on port 3000","timestamp":"2024-11-11T10:53:53.228Z"}
{"level":"info","message":"Application starting...","timestamp":"2024-11-11T10:54:16.029Z"}
{"level":"info","message":"Application started on port 3000","timestamp":"2024-11-11T10:54:16.033Z"}
{"level":"info","message":"Application starting...","timestamp":"2024-11-11T10:54:16.887Z"}
{"level":"info","message":"Application started on port 3000","timestamp":"2024-11-11T10:54:16.891Z"}
{"level":"info","message":"Application starting...","timestamp":"2024-11-11T10:54:22.958Z"}
{"level":"info","message":"Application started on port 3000","timestamp":"2024-11-11T10:54:22.964Z"}
{"level":"info","message":"Application starting...","timestamp":"2024-11-11T10:54:44.115Z"}
{"level":"info","message":"Application started on port 3000","timestamp":"2024-11-11T10:54:44.119Z"}
{"level":"info","message":"Application starting...","timestamp":"2024-11-11T10:56:07.803Z"}
{"level":"info","message":"Application started on port 3000","timestamp":"2024-11-11T10:56:07.807Z"}
{"level":"info","message":"Application starting...","timestamp":"2024-11-11T10:56:08.997Z"}
{"level":"info","message":"Application started on port 3000","timestamp":"2024-11-11T10:56:09.001Z"}
{"level":"info","message":"Application starting...","timestamp":"2024-11-11T10:56:10.680Z"}
{"level":"info","message":"Application started on port 3000","timestamp":"2024-11-11T10:56:10.684Z"}
{"level":"info","message":"Application starting...","timestamp":"2024-11-11T10:56:14.236Z"}
{"level":"info","message":"Application started on port 3000","timestamp":"2024-11-11T10:56:14.240Z"}
{"level":"info","message":"Application starting...","timestamp":"2024-11-11T10:56:16.578Z"}
{"level":"info","message":"Application started on port 3000","timestamp":"2024-11-11T10:56:16.582Z"}
{"level":"info","message":"Application starting...","timestamp":"2024-11-11T10:56:20.019Z"}
{"level":"info","message":"Application started on port 3000","timestamp":"2024-11-11T10:56:20.023Z"}
{"level":"info","message":"Application starting...","timestamp":"2024-11-11T10:56:21.806Z"}
{"level":"info","message":"Application started on port 3000","timestamp":"2024-11-11T10:56:21.810Z"}
{"level":"info","message":"Application starting...","timestamp":"2024-11-11T10:56:22.985Z"}
{"level":"info","message":"Application started on port 3000","timestamp":"2024-11-11T10:56:22.988Z"}
{"level":"info","message":"Application starting...","timestamp":"2024-11-11T10:56:24.590Z"}
{"level":"info","message":"Application started on port 3000","timestamp":"2024-11-11T10:56:24.594Z"}
{"level":"info","message":"Application starting...","timestamp":"2024-11-11T10:56:28.064Z"}
{"level":"info","message":"Application started on port 3000","timestamp":"2024-11-11T10:56:28.068Z"}
{"level":"info","message":"Application starting...","timestamp":"2024-11-11T10:56:35.180Z"}
{"level":"info","message":"Application started on port 3000","timestamp":"2024-11-11T10:56:35.183Z"}
{"level":"info","message":"Application starting...","timestamp":"2024-11-11T10:56:36.215Z"}
{"level":"info","message":"Application started on port 3000","timestamp":"2024-11-11T10:56:36.219Z"}
{"level":"info","message":"Application starting...","timestamp":"2024-11-11T10:56:37.223Z"}
{"level":"info","message":"Application started on port 3000","timestamp":"2024-11-11T10:56:37.226Z"}
{"level":"info","message":"Application starting...","timestamp":"2024-11-11T10:56:54.141Z"}
{"level":"info","message":"Application started on port 3000","timestamp":"2024-11-11T10:56:54.145Z"}
{"level":"info","message":"Application starting...","timestamp":"2024-11-11T10:57:02.982Z"}
{"level":"info","message":"Application started on port 3000","timestamp":"2024-11-11T10:57:02.986Z"}
{"level":"info","message":"Application starting...","timestamp":"2024-11-11T10:57:07.677Z"}
{"level":"info","message":"Application started on port 3000","timestamp":"2024-11-11T10:57:07.681Z"}
{"level":"info","message":"Application starting...","timestamp":"2024-11-11T10:57:15.314Z"}
{"level":"info","message":"Application started on port 3000","timestamp":"2024-11-11T10:57:15.318Z"}
{"level":"info","message":"Application starting...","timestamp":"2024-11-11T10:58:26.543Z"}
{"level":"info","message":"Application started on port 3000","timestamp":"2024-11-11T10:58:26.547Z"}
{"level":"info","message":"Application starting...","timestamp":"2024-11-11T10:58:45.324Z"}
{"level":"info","message":"Application started on port 3000","timestamp":"2024-11-11T10:58:45.327Z"}
{"level":"info","message":"Application starting...","timestamp":"2024-11-11T10:58:49.310Z"}
{"level":"info","message":"Application started on port 3000","timestamp":"2024-11-11T10:58:49.314Z"}
{"level":"info","message":"Application starting...","timestamp":"2024-11-11T10:59:03.261Z"}
{"level":"info","message":"Application started on port 3000","timestamp":"2024-11-11T10:59:03.265Z"}
{"level":"info","message":"Application starting...","timestamp":"2024-11-11T10:59:08.831Z"}
{"level":"info","message":"Application started on port 3000","timestamp":"2024-11-11T10:59:08.835Z"}
{"level":"info","message":"Application starting...","timestamp":"2024-11-11T10:59:39.917Z"}
{"level":"info","message":"Application started on port 3000","timestamp":"2024-11-11T10:59:39.921Z"}
{"level":"info","message":"Application starting...","timestamp":"2024-11-11T10:59:54.342Z"}
{"level":"info","message":"Application started on port 3000","timestamp":"2024-11-11T10:59:54.346Z"}
{"level":"info","message":"Application starting...","timestamp":"2024-11-11T10:59:56.319Z"}
{"level":"info","message":"Application started on port 3000","timestamp":"2024-11-11T10:59:56.323Z"}
{"level":"info","message":"Application starting...","timestamp":"2024-11-11T11:00:12.436Z"}
{"level":"info","message":"Application started on port 3000","timestamp":"2024-11-11T11:00:12.440Z"}
{"level":"info","message":"Application starting...","timestamp":"2024-11-11T11:00:34.598Z"}
{"level":"info","message":"Application started on port 3000","timestamp":"2024-11-11T11:00:34.602Z"}
{"level":"info","message":"Application starting...","timestamp":"2024-11-11T11:01:19.426Z"}
{"level":"info","message":"Application started on port 3000","timestamp":"2024-11-11T11:01:19.431Z"}
{"level":"info","message":"Application starting...","timestamp":"2024-11-11T11:01:26.432Z"}
{"level":"info","message":"Application started on port 3000","timestamp":"2024-11-11T11:01:26.435Z"}
{"level":"info","message":"Application starting...","timestamp":"2024-11-11T11:01:31.261Z"}
{"level":"info","message":"Application started on port 3000","timestamp":"2024-11-11T11:01:31.265Z"}
{"level":"info","message":"Application starting...","timestamp":"2024-11-11T11:14:39.490Z"}
{"level":"info","message":"Application started on port 3000","timestamp":"2024-11-11T11:14:39.497Z"}
{"level":"info","message":"Application starting...","timestamp":"2024-11-11T11:14:46.802Z"}
{"level":"info","message":"Application started on port 3000","timestamp":"2024-11-11T11:14:46.806Z"}
{"level":"info","message":"Application starting...","timestamp":"2024-11-14T09:13:44.252Z"}
{"level":"info","message":"Application started on port 3000","timestamp":"2024-11-14T09:13:44.256Z"}
{"level":"info","message":"Application starting...","timestamp":"2024-11-14T09:42:55.498Z"}
{"level":"info","message":"Application started on port 3000","timestamp":"2024-11-14T09:42:55.504Z"}
{"date":"Thu Nov 14 2024 10:42:55 GMT+0100 (West Africa Standard Time)","process":{"pid":29289,"uid":501,"gid":20,"cwd":"/Users/oreoluwa/Desktop/daries","execPath":"/Users/oreoluwa/.nvm/versions/node/v16.18.1/bin/node","version":"v16.18.1","argv":["/Users/oreoluwa/.nvm/versions/node/v16.18.1/bin/node","/Users/oreoluwa/Desktop/daries/app.js"],"memoryUsage":{"rss":70205440,"heapTotal":36274176,"heapUsed":23981656,"external":3517868,"arrayBuffers":1826903}},"os":{"loadavg":[3.056640625,3.787109375,3.97265625],"uptime":1819007},"trace":[{"column":16,"file":"node:net","function":"Server.setupListenHandle [as _listen2]","line":1463,"method":"setupListenHandle [as _listen2]","native":false},{"column":12,"file":"node:net","function":"listenInCluster","line":1511,"method":null,"native":false},{"column":7,"file":"node:net","function":"Server.listen","line":1599,"method":"listen","native":false},{"column":24,"file":"/Users/oreoluwa/Desktop/daries/node_modules/express/lib/application.js","function":"Function.listen","line":635,"method":"listen","native":false},{"column":5,"file":"/Users/oreoluwa/Desktop/daries/app.js","function":null,"line":9,"method":null,"native":false},{"column":null,"file":null,"function":"Generator.next","line":null,"method":"next","native":false}],"stack":["Error: listen EADDRINUSE: address already in use :::3000","    at Server.setupListenHandle [as _listen2] (node:net:1463:16)","    at listenInCluster (node:net:1511:12)","    at Server.listen (node:net:1599:7)","    at Function.listen (/Users/oreoluwa/Desktop/daries/node_modules/express/lib/application.js:635:24)","    at Object.<anonymous> (/Users/oreoluwa/Desktop/daries/app.js:9:5)","    at Generator.next (<anonymous>)"],"level":"error","message":"uncaughtException: listen EADDRINUSE: address already in use :::3000","timestamp":"2024-11-14T09:42:55.508Z"}
{"level":"info","message":"Application starting...","timestamp":"2024-11-14T09:44:04.880Z"}
{"level":"info","message":"Application started on port 3000","timestamp":"2024-11-14T09:44:04.884Z"}
{"level":"info","message":"Application starting...","timestamp":"2024-11-14T09:44:22.039Z"}
{"level":"info","message":"Application started on port 3000","timestamp":"2024-11-14T09:44:22.044Z"}
{"level":"info","message":"Application starting...","timestamp":"2024-11-14T09:56:36.219Z"}
{"date":"Thu Nov 14 2024 10:56:36 GMT+0100 (West Africa Standard Time)","process":{"pid":30411,"uid":501,"gid":20,"cwd":"/Users/oreoluwa/Desktop/daries","execPath":"/Users/oreoluwa/.nvm/versions/node/v16.18.1/bin/node","version":"v16.18.1","argv":["/Users/oreoluwa/.nvm/versions/node/v16.18.1/bin/node","/Users/oreoluwa/Desktop/daries/app.js"],"memoryUsage":{"rss":72073216,"heapTotal":34701312,"heapUsed":25213008,"external":4241391,"arrayBuffers":1952576}},"os":{"loadavg":[4.13037109375,3.6396484375,3.64892578125],"uptime":1819828},"trace":[{"column":19,"file":"file:///Users/oreoluwa/Desktop/daries/config/express.js","function":"expressConfig","line":57,"method":null,"native":false},{"column":1,"file":"file:///Users/oreoluwa/Desktop/daries/app.js","function":null,"line":7,"method":null,"native":false},{"column":null,"file":null,"function":"Generator.next","line":null,"method":"next","native":false}],"stack":["file:///Users/oreoluwa/Desktop/daries/config/express.js:1","ReferenceError: routes is not defined","    at expressConfig (file:///Users/oreoluwa/Desktop/daries/config/express.js:57:19)","    at Object.<anonymous> (file:///Users/oreoluwa/Desktop/daries/app.js:7:1)","    at Generator.next (<anonymous>)"],"level":"error","message":"uncaughtException: routes is not defined","timestamp":"2024-11-14T09:56:36.234Z"}
{"level":"info","message":"Application starting...","timestamp":"2024-11-14T09:58:49.869Z"}
{"date":"Thu Nov 14 2024 10:58:49 GMT+0100 (West Africa Standard Time)","process":{"pid":30557,"uid":501,"gid":20,"cwd":"/Users/oreoluwa/Desktop/daries","execPath":"/Users/oreoluwa/.nvm/versions/node/v16.18.1/bin/node","version":"v16.18.1","argv":["/Users/oreoluwa/.nvm/versions/node/v16.18.1/bin/node","/Users/oreoluwa/Desktop/daries/app.js"],"memoryUsage":{"rss":70287360,"heapTotal":34701312,"heapUsed":25178640,"external":4241143,"arrayBuffers":1952248}},"os":{"loadavg":[5.90283203125,4.72119140625,4.08056640625],"uptime":1819961},"trace":[{"column":19,"file":"file:///Users/oreoluwa/Desktop/daries/config/express.js","function":"expressConfig","line":58,"method":null,"native":false},{"column":1,"file":"file:///Users/oreoluwa/Desktop/daries/app.js","function":null,"line":7,"method":null,"native":false},{"column":null,"file":null,"function":"Generator.next","line":null,"method":"next","native":false}],"stack":["file:///Users/oreoluwa/Desktop/daries/config/express.js:1","ReferenceError: routes is not defined","    at expressConfig (file:///Users/oreoluwa/Desktop/daries/config/express.js:58:19)","    at Object.<anonymous> (file:///Users/oreoluwa/Desktop/daries/app.js:7:1)","    at Generator.next (<anonymous>)"],"level":"error","message":"uncaughtException: routes is not defined","timestamp":"2024-11-14T09:58:49.880Z"}
{"level":"info","message":"Application starting...","timestamp":"2024-11-14T09:59:21.237Z"}
{"date":"Thu Nov 14 2024 10:59:21 GMT+0100 (West Africa Standard Time)","process":{"pid":30621,"uid":501,"gid":20,"cwd":"/Users/oreoluwa/Desktop/daries","execPath":"/Users/oreoluwa/.nvm/versions/node/v16.18.1/bin/node","version":"v16.18.1","argv":["/Users/oreoluwa/.nvm/versions/node/v16.18.1/bin/node","/Users/oreoluwa/Desktop/daries/app.js"],"memoryUsage":{"rss":65241088,"heapTotal":34701312,"heapUsed":25217560,"external":4265234,"arrayBuffers":1975936}},"os":{"loadavg":[5.6767578125,4.7841796875,4.126953125],"uptime":1819993},"trace":[{"column":25,"file":"file:///Users/oreoluwa/Desktop/daries/config/express.js","function":"expressConfig","line":58,"method":null,"native":false},{"column":1,"file":"file:///Users/oreoluwa/Desktop/daries/app.js","function":null,"line":7,"method":null,"native":false},{"column":null,"file":null,"function":"Generator.next","line":null,"method":"next","native":false}],"stack":["file:///Users/oreoluwa/Desktop/daries/config/express.js:58","  app.use('/v1/', routes);","","ReferenceError: routes is not defined","    at expressConfig (file:///Users/oreoluwa/Desktop/daries/config/express.js:58:25)","    at Object.<anonymous> (file:///Users/oreoluwa/Desktop/daries/app.js:7:1)","    at Generator.next (<anonymous>)"],"level":"error","message":"uncaughtException: routes is not defined","timestamp":"2024-11-14T09:59:21.241Z"}
{"level":"info","message":"Application starting...","timestamp":"2024-11-14T09:59:24.289Z"}
{"date":"Thu Nov 14 2024 10:59:24 GMT+0100 (West Africa Standard Time)","process":{"pid":30624,"uid":501,"gid":20,"cwd":"/Users/oreoluwa/Desktop/daries","execPath":"/Users/oreoluwa/.nvm/versions/node/v16.18.1/bin/node","version":"v16.18.1","argv":["/Users/oreoluwa/.nvm/versions/node/v16.18.1/bin/node","/Users/oreoluwa/Desktop/daries/app.js"],"memoryUsage":{"rss":71041024,"heapTotal":34701312,"heapUsed":25361776,"external":4271882,"arrayBuffers":1982488}},"os":{"loadavg":[5.6767578125,4.7841796875,4.126953125],"uptime":1819996},"trace":[{"column":25,"file":"file:///Users/oreoluwa/Desktop/daries/config/express.js","function":"expressConfig","line":58,"method":null,"native":false},{"column":1,"file":"file:///Users/oreoluwa/Desktop/daries/app.js","function":null,"line":7,"method":null,"native":false},{"column":null,"file":null,"function":"Generator.next","line":null,"method":"next","native":false}],"stack":["file:///Users/oreoluwa/Desktop/daries/config/express.js:58","  app.use('/v1/', routes);","","ReferenceError: routes is not defined","    at expressConfig (file:///Users/oreoluwa/Desktop/daries/config/express.js:58:25)","    at Object.<anonymous> (file:///Users/oreoluwa/Desktop/daries/app.js:7:1)","    at Generator.next (<anonymous>)"],"level":"error","message":"uncaughtException: routes is not defined","timestamp":"2024-11-14T09:59:24.294Z"}
{"level":"info","message":"Application starting...","timestamp":"2024-11-14T10:00:03.392Z"}
{"date":"Thu Nov 14 2024 11:00:03 GMT+0100 (West Africa Standard Time)","process":{"pid":30719,"uid":501,"gid":20,"cwd":"/Users/oreoluwa/Desktop/daries","execPath":"/Users/oreoluwa/.nvm/versions/node/v16.18.1/bin/node","version":"v16.18.1","argv":["/Users/oreoluwa/.nvm/versions/node/v16.18.1/bin/node","/Users/oreoluwa/Desktop/daries/app.js"],"memoryUsage":{"rss":70828032,"heapTotal":36274176,"heapUsed":23780712,"external":3494744,"arrayBuffers":1912647}},"os":{"loadavg":[4.39501953125,4.58447265625,4.083984375],"uptime":1820035},"trace":[{"column":11,"file":"file:///Users/oreoluwa/Desktop/daries/config/express.js","function":"expressConfig","line":59,"method":null,"native":false},{"column":1,"file":"file:///Users/oreoluwa/Desktop/daries/app.js","function":null,"line":7,"method":null,"native":false},{"column":null,"file":null,"function":"Generator.next","line":null,"method":"next","native":false}],"stack":["file:///Users/oreoluwa/Desktop/daries/config/express.js:1","ReferenceError: errorHandler is not defined","    at expressConfig (file:///Users/oreoluwa/Desktop/daries/config/express.js:59:11)","    at Object.<anonymous> (file:///Users/oreoluwa/Desktop/daries/app.js:7:1)","    at Generator.next (<anonymous>)"],"level":"error","message":"uncaughtException: errorHandler is not defined","timestamp":"2024-11-14T10:00:03.396Z"}
{"level":"info","message":"Application starting...","timestamp":"2024-11-14T11:43:01.122Z"}
{"level":"info","message":"Application started on port 3000","timestamp":"2024-11-14T11:43:01.129Z"}
{"level":"info","message":"Application starting...","timestamp":"2024-11-14T11:44:21.533Z"}
{"level":"info","message":"Application started on port 3000","timestamp":"2024-11-14T11:44:21.536Z"}
{"level":"info","message":"Application starting...","timestamp":"2024-11-14T11:44:24.853Z"}
{"level":"info","message":"Application started on port 3000","timestamp":"2024-11-14T11:44:24.856Z"}
{"level":"error","message":"","timestamp":"2024-11-14T13:22:51.382Z"}
{"level":"error","message":"","timestamp":"2024-11-14T13:22:51.810Z"}
{"level":"info","message":"Application starting...","timestamp":"2024-11-14T13:29:50.234Z"}
{"level":"info","message":"Application started on port 3000","timestamp":"2024-11-14T13:29:50.245Z"}
{"level":"info","message":"Application starting...","timestamp":"2024-11-14T13:30:12.222Z"}
{"level":"info","message":"Application started on port 3000","timestamp":"2024-11-14T13:30:12.226Z"}
{"level":"error","message":"","timestamp":"2024-11-14T13:30:16.003Z"}
{"level":"info","message":"Application starting...","timestamp":"2024-11-14T13:31:54.948Z"}
{"level":"info","message":"Application started on port 3000","timestamp":"2024-11-14T13:31:54.953Z"}
{"level":"info","message":"Application starting...","timestamp":"2024-11-14T13:31:56.505Z"}
{"level":"info","message":"Application started on port 3000","timestamp":"2024-11-14T13:31:56.508Z"}
{"level":"info","message":"Application starting...","timestamp":"2024-11-14T13:31:58.893Z"}
{"level":"info","message":"Application started on port 3000","timestamp":"2024-11-14T13:31:58.897Z"}
{"level":"info","message":"Application starting...","timestamp":"2024-11-14T13:32:03.014Z"}
{"level":"info","message":"Application started on port 3000","timestamp":"2024-11-14T13:32:03.018Z"}
{"level":"error","message":"","timestamp":"2024-11-14T13:32:04.601Z"}
{"level":"error","message":"","timestamp":"2024-11-14T13:32:12.599Z"}
{"level":"error","message":"","timestamp":"2024-11-14T13:35:42.885Z"}
{"level":"info","message":"Application starting...","timestamp":"2024-11-14T13:35:54.602Z"}
{"level":"info","message":"Application started on port 3000","timestamp":"2024-11-14T13:35:54.610Z"}
{"level":"error","message":"","timestamp":"2024-11-14T13:36:02.607Z"}
{"level":"info","message":"Application starting...","timestamp":"2024-11-14T13:36:22.813Z"}
{"level":"info","message":"Application started on port 3000","timestamp":"2024-11-14T13:36:22.816Z"}
{"level":"info","message":"Application starting...","timestamp":"2024-11-14T13:36:44.617Z"}
{"level":"info","message":"Application started on port 3000","timestamp":"2024-11-14T13:36:44.621Z"}
{"level":"error","message":"","timestamp":"2024-11-14T13:36:48.204Z"}
{"level":"info","message":"Application starting...","timestamp":"2024-11-14T13:36:57.551Z"}
{"level":"info","message":"Application started on port 3000","timestamp":"2024-11-14T13:36:57.555Z"}
{"level":"info","message":"Application starting...","timestamp":"2024-11-14T14:15:53.056Z"}
{"level":"info","message":"Application started on port 3000","timestamp":"2024-11-14T14:15:53.061Z"}
{"level":"error","message":"","timestamp":"2024-11-14T14:16:04.076Z"}
{"level":"info","message":"Application starting...","timestamp":"2024-11-14T14:29:42.731Z"}
{"level":"info","message":"Application started on port 3000","timestamp":"2024-11-14T14:29:42.736Z"}
{"level":"info","message":"Application starting...","timestamp":"2024-11-14T14:30:55.600Z"}
{"level":"info","message":"Application started on port 3000","timestamp":"2024-11-14T14:30:55.614Z"}
{"level":"info","message":"Application starting...","timestamp":"2024-11-14T14:30:56.612Z"}
{"level":"info","message":"Application started on port 3000","timestamp":"2024-11-14T14:30:56.616Z"}
{"level":"info","message":"Application starting...","timestamp":"2024-11-14T14:32:30.292Z"}
{"level":"info","message":"Application started on port 3000","timestamp":"2024-11-14T14:32:30.303Z"}
{"level":"info","message":"Application starting...","timestamp":"2024-11-14T14:32:33.737Z"}
{"level":"info","message":"Application started on port 3000","timestamp":"2024-11-14T14:32:33.740Z"}
{"level":"info","message":"Application starting...","timestamp":"2024-11-14T14:32:45.570Z"}
{"level":"info","message":"Application started on port 3000","timestamp":"2024-11-14T14:32:45.573Z"}
{"level":"error","message":"","timestamp":"2024-11-14T14:32:47.844Z"}
{"level":"error","message":"","timestamp":"2024-11-14T14:32:50.532Z"}
{"level":"info","message":"Application starting...","timestamp":"2024-11-14T14:34:57.249Z"}
{"level":"info","message":"Application started on port 3000","timestamp":"2024-11-14T14:34:57.255Z"}
{"level":"info","message":"Application starting...","timestamp":"2024-11-14T14:35:45.456Z"}
{"level":"info","message":"Application started on port 3000","timestamp":"2024-11-14T14:35:45.461Z"}
{"level":"info","message":"Application starting...","timestamp":"2024-11-14T14:36:17.641Z"}
{"level":"info","message":"Application started on port 3000","timestamp":"2024-11-14T14:36:17.644Z"}
{"level":"error","message":"","timestamp":"2024-11-14T14:36:19.810Z"}
{"level":"error","message":"","timestamp":"2024-11-14T14:36:21.336Z"}
{"level":"info","message":"Application starting...","timestamp":"2024-11-14T14:38:33.562Z"}
{"level":"info","message":"Application started on port 3000","timestamp":"2024-11-14T14:38:33.570Z"}
{"level":"info","message":"Application starting...","timestamp":"2024-11-14T14:38:50.248Z"}
{"level":"info","message":"Application started on port 3000","timestamp":"2024-11-14T14:38:50.252Z"}
{"level":"info","message":"Application starting...","timestamp":"2024-11-14T14:38:53.282Z"}
{"level":"info","message":"Application started on port 3000","timestamp":"2024-11-14T14:38:53.286Z"}
{"level":"info","message":"Application starting...","timestamp":"2024-11-14T14:43:43.248Z"}
{"level":"info","message":"Application started on port 3000","timestamp":"2024-11-14T14:43:43.256Z"}
{"level":"error","message":"","timestamp":"2024-11-14T14:43:50.211Z"}
{"level":"info","message":"Application starting...","timestamp":"2024-11-14T14:45:59.873Z"}
{"level":"info","message":"Application started on port 3000","timestamp":"2024-11-14T14:45:59.885Z"}
{"level":"info","message":"Application starting...","timestamp":"2024-11-14T14:46:01.286Z"}
{"level":"info","message":"Application started on port 3000","timestamp":"2024-11-14T14:46:01.290Z"}
{"level":"info","message":"Application starting...","timestamp":"2024-11-14T14:46:03.537Z"}
{"level":"info","message":"Application started on port 3000","timestamp":"2024-11-14T14:46:03.540Z"}
{"level":"error","message":"","timestamp":"2024-11-14T14:46:36.134Z"}
{"level":"info","message":"Application starting...","timestamp":"2024-11-14T15:25:38.093Z"}
{"level":"info","message":"Application started on port 3000","timestamp":"2024-11-14T15:25:38.098Z"}
{"level":"error","message":"","timestamp":"2024-11-14T15:25:42.209Z"}
{"level":"info","message":"Application starting...","timestamp":"2024-11-14T15:32:16.264Z"}
{"level":"info","message":"Application started on port 3000","timestamp":"2024-11-14T15:32:16.275Z"}
{"level":"info","message":"Application starting...","timestamp":"2024-11-14T15:32:17.532Z"}
{"level":"info","message":"Application started on port 3000","timestamp":"2024-11-14T15:32:17.537Z"}
{"level":"info","message":"Application starting...","timestamp":"2024-11-14T15:32:19.565Z"}
{"level":"info","message":"Application started on port 3000","timestamp":"2024-11-14T15:32:19.574Z"}
{"level":"info","message":"Application starting...","timestamp":"2024-11-14T15:32:23.569Z"}
{"level":"info","message":"Application started on port 3000","timestamp":"2024-11-14T15:32:23.573Z"}
{"level":"info","message":"Application starting...","timestamp":"2024-11-14T15:32:26.694Z"}
{"level":"info","message":"Application started on port 3000","timestamp":"2024-11-14T15:32:26.698Z"}
{"level":"info","message":"Application starting...","timestamp":"2024-11-14T15:32:29.701Z"}
{"level":"info","message":"Application started on port 3000","timestamp":"2024-11-14T15:32:29.705Z"}
{"level":"info","message":"Application starting...","timestamp":"2024-11-14T15:32:59.474Z"}
{"level":"info","message":"Application started on port 3000","timestamp":"2024-11-14T15:32:59.477Z"}
{"level":"error","message":"","timestamp":"2024-11-14T15:33:06.674Z"}
{"level":"info","message":"Application starting...","timestamp":"2024-11-14T15:35:25.668Z"}
{"level":"info","message":"Application started on port 3000","timestamp":"2024-11-14T15:35:25.675Z"}
{"level":"info","message":"Application starting...","timestamp":"2024-11-14T15:35:28.218Z"}
{"level":"info","message":"Application started on port 3000","timestamp":"2024-11-14T15:35:28.221Z"}
{"level":"info","message":"Application starting...","timestamp":"2024-11-14T15:35:29.140Z"}
{"level":"info","message":"Application started on port 3000","timestamp":"2024-11-14T15:35:29.143Z"}
{"level":"info","message":"Application starting...","timestamp":"2024-11-14T15:35:41.303Z"}
{"level":"info","message":"Application started on port 3000","timestamp":"2024-11-14T15:35:41.308Z"}
{"level":"info","message":"Application starting...","timestamp":"2024-11-14T15:35:43.665Z"}
{"level":"info","message":"Application started on port 3000","timestamp":"2024-11-14T15:35:43.669Z"}
{"level":"info","message":"Application starting...","timestamp":"2024-11-14T15:35:53.135Z"}
{"level":"info","message":"Application started on port 3000","timestamp":"2024-11-14T15:35:53.138Z"}
{"level":"info","message":"Application starting...","timestamp":"2024-11-14T15:35:57.346Z"}
{"level":"info","message":"Application started on port 3000","timestamp":"2024-11-14T15:35:57.350Z"}
{"level":"error","message":"","timestamp":"2024-11-14T15:36:15.675Z"}
{"level":"info","message":"Application starting...","timestamp":"2024-11-14T15:39:23.792Z"}
{"level":"info","message":"Application started on port 3000","timestamp":"2024-11-14T15:39:23.800Z"}
{"level":"info","message":"Application starting...","timestamp":"2024-11-14T15:39:27.198Z"}
{"level":"info","message":"Application started on port 3000","timestamp":"2024-11-14T15:39:27.202Z"}
{"level":"info","message":"Application starting...","timestamp":"2024-11-14T15:39:29.411Z"}
{"level":"info","message":"Application started on port 3000","timestamp":"2024-11-14T15:39:29.414Z"}
{"level":"info","message":"Application starting...","timestamp":"2024-11-14T15:39:33.672Z"}
{"level":"info","message":"Application started on port 3000","timestamp":"2024-11-14T15:39:33.675Z"}
{"level":"info","message":"Application starting...","timestamp":"2024-11-14T15:39:44.883Z"}
{"level":"info","message":"Application started on port 3000","timestamp":"2024-11-14T15:39:44.886Z"}
{"level":"info","message":"Application starting...","timestamp":"2024-11-14T15:40:00.184Z"}
{"level":"info","message":"Application started on port 3000","timestamp":"2024-11-14T15:40:00.187Z"}
{"level":"info","message":"Application starting...","timestamp":"2024-11-14T15:40:02.820Z"}
{"level":"info","message":"Application started on port 3000","timestamp":"2024-11-14T15:40:02.823Z"}
{"level":"info","message":"Application starting...","timestamp":"2024-11-14T15:40:07.476Z"}
{"level":"info","message":"Application started on port 3000","timestamp":"2024-11-14T15:40:07.480Z"}
{"level":"error","message":"","timestamp":"2024-11-14T15:40:25.585Z"}
{"level":"info","message":"Application starting...","timestamp":"2024-11-14T15:40:42.074Z"}
{"level":"info","message":"Application started on port 3000","timestamp":"2024-11-14T15:40:42.079Z"}
{"level":"info","message":"Application starting...","timestamp":"2024-11-14T15:57:56.017Z"}
{"level":"info","message":"Application started on port 3000","timestamp":"2024-11-14T15:57:56.026Z"}
{"level":"error","message":"","timestamp":"2024-11-14T15:58:10.698Z"}
{"level":"info","message":"Application starting...","timestamp":"2024-11-14T16:03:53.766Z"}
{"level":"info","message":"Application started on port 3000","timestamp":"2024-11-14T16:03:53.771Z"}
{"level":"error","message":"","timestamp":"2024-11-14T16:03:58.141Z"}
